[Tue, 25 Aug 15 12:01:38 -0500][DEBUG] Validando el usuario con rol [admin] en [importdata::index]
[Tue, 25 Aug 15 12:02:01 -0500][DEBUG] Validando el usuario con rol [admin] en [importdata::importfileone]
[Tue, 25 Aug 15 12:02:01 -0500][DEBUG] Check: 
[Tue, 25 Aug 15 12:02:01 -0500][DEBUG] Check: 
[Tue, 25 Aug 15 12:06:56 -0500][DEBUG] Validando el usuario con rol [admin] en [importdata::index]
[Tue, 25 Aug 15 12:07:38 -0500][DEBUG] Validando el usuario con rol [admin] en [importdata::index]
[Tue, 25 Aug 15 12:07:55 -0500][DEBUG] Validando el usuario con rol [admin] en [importdata::importfileone]
[Tue, 25 Aug 15 12:07:55 -0500][DEBUG] Check: 
[Tue, 25 Aug 15 12:07:55 -0500][DEBUG] Check: 
[Tue, 25 Aug 15 14:54:41 -0500][DEBUG] Validando el usuario con rol [admin] en [importdata::index]
[Tue, 25 Aug 15 14:57:27 -0500][DEBUG] Validando el usuario con rol [admin] en [importdata::index]
[Tue, 25 Aug 15 15:00:42 -0500][DEBUG] Validando el usuario con rol [admin] en [importdata::index]
[Tue, 25 Aug 15 15:03:05 -0500][DEBUG] Validando el usuario con rol [admin] en [importdata::index]
[Tue, 25 Aug 15 15:03:16 -0500][DEBUG] Validando el usuario con rol [admin] en [importdata::importfileone]
[Tue, 25 Aug 15 15:05:57 -0500][DEBUG] Validando el usuario con rol [admin] en [importdata::index]
[Tue, 25 Aug 15 15:06:03 -0500][DEBUG] Validando el usuario con rol [admin] en [importdata::importfileone]
[Tue, 25 Aug 15 15:11:41 -0500][DEBUG] Validando el usuario con rol [admin] en [importdata::index]
[Wed, 26 Aug 15 08:31:01 -0500][DEBUG] Validando el usuario con rol [admin] en [index::index]
[Wed, 26 Aug 15 08:31:08 -0500][DEBUG] Validando el usuario con rol [admin] en [importdata::index]
[Wed, 26 Aug 15 14:09:05 -0500][DEBUG] Validando el usuario con rol [admin] en [index::index]
[Wed, 26 Aug 15 14:09:08 -0500][DEBUG] Validando el usuario con rol [admin] en [importdata::index]
[Wed, 26 Aug 15 14:09:40 -0500][DEBUG] Validando el usuario con rol [admin] en [importdata::index]
[Wed, 26 Aug 15 14:10:28 -0500][DEBUG] Validando el usuario con rol [admin] en [importdata::index]
[Wed, 26 Aug 15 14:11:00 -0500][DEBUG] Validando el usuario con rol [admin] en [importdata::index]
[Wed, 26 Aug 15 14:11:14 -0500][DEBUG] Validando el usuario con rol [admin] en [importdata::index]
[Wed, 26 Aug 15 14:11:20 -0500][DEBUG] Validando el usuario con rol [admin] en [importdata::index]
[Wed, 26 Aug 15 14:11:33 -0500][DEBUG] Validando el usuario con rol [admin] en [importdata::index]
[Wed, 26 Aug 15 14:12:30 -0500][DEBUG] Validando el usuario con rol [admin] en [importdata::index]
[Wed, 26 Aug 15 14:12:35 -0500][DEBUG] Validando el usuario con rol [admin] en [importdata::index]
[Wed, 26 Aug 15 14:12:58 -0500][DEBUG] Validando el usuario con rol [admin] en [importdata::index]
[Wed, 26 Aug 15 14:13:07 -0500][DEBUG] Validando el usuario con rol [admin] en [importdata::index]
[Wed, 26 Aug 15 14:15:19 -0500][DEBUG] Validando el usuario con rol [admin] en [importdata::index]
